2017-03-02 11:33:57:001 - info: [Appium] Welcome to Appium v1.6.1-beta
2017-03-02 11:33:57:006 - info: [Appium] Non-default server args:
2017-03-02 11:33:57:010 - info: [Appium]   address: '127.0.0.1'
2017-03-02 11:33:57:011 - info: [Appium]   port: 24446
2017-03-02 11:33:57:012 - info: [Appium]   sessionOverride: true
2017-03-02 11:33:57:013 - info: [Appium]   log: '/Users/krishnanand/Development/personal_projects/bintrayProj/build/makeABookingForACabWithLuggage1_ZY223D7XPB.log'
2017-03-02 11:33:57:148 - info: [Appium] Appium REST http interface listener started on 127.0.0.1:24446
2017-03-02 11:33:57:285 - info: [HTTP] --> GET /wd/hub/status {}
2017-03-02 11:33:57:292 - info: [debug] [MJSONWP] Calling AppiumDriver.getStatus() with args: []
2017-03-02 11:33:57:320 - info: [debug] [MJSONWP] Responding to client with driver.getStatus() result: {"build":{"version":"1.6.1-beta","revision":null}}
2017-03-02 11:33:57:330 - info: [HTTP] <-- GET /wd/hub/status 200 40 ms - 88 
2017-03-02 11:33:57:456 - info: [HTTP] --> GET /wd/hub/status {}
2017-03-02 11:33:57:457 - info: [debug] [MJSONWP] Calling AppiumDriver.getStatus() with args: []
2017-03-02 11:33:57:468 - info: [debug] [MJSONWP] Responding to client with driver.getStatus() result: {"build":{"version":"1.6.1-beta","revision":null}}
2017-03-02 11:33:57:470 - info: [HTTP] <-- GET /wd/hub/status 200 13 ms - 88 
2017-03-02 11:33:57:513 - info: [HTTP] --> POST /wd/hub/session {"desiredCapabilities":{"app":"/Users/krishnanand/Development/personal_projects/bintrayProj/app/app-release.apk","appActivity":"com.softheme.minicabit.activity.SplashActivity","appPackage":"com.minicabit.android","avdLaunchTimeout":300000,"newCommandTimeout":180,"udid":"ZY223D7XPB","platformName":"Android","deviceName":"Moto G (4)","useKeystore":false}}
2017-03-02 11:33:57:514 - info: [debug] [MJSONWP] Calling AppiumDriver.createSession() with args: [{"app":"/Users/krishnanand/Development/personal_projects/bintrayProj/app/app-release.apk","appActivity":"com.softheme.minicabit.activity.SplashActivity","appPackage":"com.minicabit.android","avdLaunchTimeout":300000,"newCommandTimeout":180,"udid":"ZY223D7XPB","platformName":"Android","deviceName":"Moto G (4)","useKeystore":false},null,null,null,null]
2017-03-02 11:33:57:518 - info: [Appium] Creating new AndroidDriver session
2017-03-02 11:33:57:519 - info: [Appium] Capabilities:
2017-03-02 11:33:57:551 - info: [Appium]   app: '/Users/krishnanand/Development/personal_projects/bintrayProj/app/app-release.apk'
2017-03-02 11:33:57:551 - info: [Appium]   appActivity: 'com.softheme.minicabit.activity.SplashActivity'
2017-03-02 11:33:57:553 - info: [Appium]   appPackage: 'com.minicabit.android'
2017-03-02 11:33:57:553 - info: [Appium]   avdLaunchTimeout: 300000
2017-03-02 11:33:57:554 - info: [Appium]   newCommandTimeout: 180
2017-03-02 11:33:57:554 - info: [Appium]   udid: 'ZY223D7XPB'
2017-03-02 11:33:57:554 - info: [Appium]   platformName: 'Android'
2017-03-02 11:33:57:555 - info: [Appium]   deviceName: 'Moto G (4)'
2017-03-02 11:33:57:555 - info: [Appium]   useKeystore: false
2017-03-02 11:33:57:558 - info: [debug] [AndroidDriver] AndroidDriver version: 1.10.33
2017-03-02 11:33:57:571 - info: [BaseDriver] Session created with session id: 5e5c8b47-5952-4200-8856-ef75137f251e
2017-03-02 11:33:57:579 - info: [debug] [AndroidDriver] Getting Java version
2017-03-02 11:33:57:861 - info: [AndroidDriver] Java version is: 1.8.0_112
2017-03-02 11:33:57:866 - info: [ADB] Checking whether adb is present
2017-03-02 11:33:57:866 - warn: [ADB] The ANDROID_HOME environment variable is not set to the Android SDK root directory path. ANDROID_HOME is required for compatibility with SDK 23+. Checking along PATH for adb.
2017-03-02 11:33:57:878 - info: [ADB] Using adb from /usr/local/bin/adb

2017-03-02 11:33:57:880 - info: [AndroidDriver] Retrieving device list
2017-03-02 11:33:57:882 - info: [debug] [ADB] Trying to find a connected android device
2017-03-02 11:33:57:884 - info: [debug] [ADB] Getting connected devices...
2017-03-02 11:33:57:916 - info: [debug] [ADB] 1 device(s) connected
2017-03-02 11:33:57:921 - info: [AndroidDriver] Using device: ZY223D7XPB
2017-03-02 11:33:57:923 - info: [ADB] Checking whether adb is present
2017-03-02 11:33:57:923 - warn: [ADB] The ANDROID_HOME environment variable is not set to the Android SDK root directory path. ANDROID_HOME is required for compatibility with SDK 23+. Checking along PATH for adb.
2017-03-02 11:33:57:929 - info: [ADB] Using adb from /usr/local/bin/adb

2017-03-02 11:33:57:930 - info: [debug] [ADB] Setting device id to ZY223D7XPB
2017-03-02 11:33:57:931 - info: [BaseDriver] Using local app '/Users/krishnanand/Development/personal_projects/bintrayProj/app/app-release.apk'
2017-03-02 11:33:57:932 - info: [debug] [AndroidDriver] Checking whether app is actually present
2017-03-02 11:33:57:933 - info: [AndroidDriver] Starting Android session
2017-03-02 11:33:57:937 - info: [debug] [ADB] Running '/usr/local/bin/adb' with args: ["-P",5037,"-s","ZY223D7XPB","wait-for-device"]
2017-03-02 11:33:57:962 - info: [debug] [ADB] Getting connected devices...
2017-03-02 11:33:57:990 - info: [debug] [ADB] 1 device(s) connected
2017-03-02 11:33:57:991 - info: [debug] [ADB] Running '/usr/local/bin/adb' with args: ["-P",5037,"-s","ZY223D7XPB","shell","echo","ping"]
2017-03-02 11:33:58:049 - info: [debug] [Logcat] Starting logcat capture
2017-03-02 11:33:58:125 - info: [debug] [AndroidDriver] Pushing settings apk to device...
2017-03-02 11:33:58:126 - info: [debug] [ADB] Running '/usr/local/bin/adb' with args: ["-P",5037,"-s","ZY223D7XPB","install","/usr/local/lib/node_modules/appium/node_modules/io.appium.settings/bin/settings_apk-debug.apk"]
2017-03-02 11:33:58:449 - info: [debug] [ADB] Running '/usr/local/bin/adb' with args: ["-P",5037,"-s","ZY223D7XPB","install","/usr/local/lib/node_modules/appium/node_modules/io.appium.settings/bin/settings_apk-debug.apk"]
2017-03-02 11:33:58:740 - info: [debug] [ADB] Application '/usr/local/lib/node_modules/appium/node_modules/io.appium.settings/bin/settings_apk-debug.apk' already installed. Continuing.
2017-03-02 11:33:58:741 - info: [debug] [AndroidDriver] Pushing unlock helper app to device...
2017-03-02 11:33:58:742 - info: [debug] [ADB] Running '/usr/local/bin/adb' with args: ["-P",5037,"-s","ZY223D7XPB","install","/usr/local/lib/node_modules/appium/node_modules/appium-unlock/bin/unlock_apk-debug.apk"]
2017-03-02 11:33:59:019 - info: [debug] [ADB] Running '/usr/local/bin/adb' with args: ["-P",5037,"-s","ZY223D7XPB","install","/usr/local/lib/node_modules/appium/node_modules/appium-unlock/bin/unlock_apk-debug.apk"]
2017-03-02 11:33:59:336 - info: [debug] [ADB] Application '/usr/local/lib/node_modules/appium/node_modules/appium-unlock/bin/unlock_apk-debug.apk' already installed. Continuing.
2017-03-02 11:33:59:337 - info: [ADB] Getting device platform version
2017-03-02 11:33:59:338 - info: [debug] [ADB] Getting connected devices...
2017-03-02 11:33:59:389 - info: [debug] [ADB] 1 device(s) connected
2017-03-02 11:33:59:391 - info: [debug] [ADB] Running '/usr/local/bin/adb' with args: ["-P",5037,"-s","ZY223D7XPB","shell","getprop","ro.build.version.release"]
2017-03-02 11:33:59:504 - info: [debug] [ADB] Getting connected devices...
2017-03-02 11:33:59:532 - info: [debug] [ADB] 1 device(s) connected
2017-03-02 11:33:59:533 - info: [debug] [ADB] Running '/usr/local/bin/adb' with args: ["-P",5037,"-s","ZY223D7XPB","shell","dumpsys","window"]
2017-03-02 11:33:59:683 - info: [AndroidDriver] Screen already unlocked, doing nothing
2017-03-02 11:34:00:097 - info: [AndroidDriver] Remote apk path is /data/local/tmp/61680baa09349090842a53af973b793d.apk
2017-03-02 11:34:00:098 - info: [debug] [ADB] Getting connected devices...
2017-03-02 11:34:00:131 - info: [debug] [ADB] 1 device(s) connected
2017-03-02 11:34:00:132 - info: [debug] [ADB] Running '/usr/local/bin/adb' with args: ["-P",5037,"-s","ZY223D7XPB","shell","ls","/data/local/tmp/61680baa09349090842a53af973b793d.apk"]
2017-03-02 11:34:00:243 - info: [debug] [AndroidDriver] Checking if app is installed
2017-03-02 11:34:00:246 - info: [debug] [ADB] Getting install status for com.minicabit.android
2017-03-02 11:34:00:249 - info: [debug] [ADB] Getting connected devices...
2017-03-02 11:34:00:317 - info: [debug] [ADB] 1 device(s) connected
2017-03-02 11:34:00:318 - info: [debug] [ADB] Running '/usr/local/bin/adb' with args: ["-P",5037,"-s","ZY223D7XPB","shell","getprop","ro.build.version.sdk"]
2017-03-02 11:34:00:392 - info: [debug] [ADB] Device API level: 24
2017-03-02 11:34:00:393 - info: [debug] [ADB] Getting connected devices...
2017-03-02 11:34:00:409 - info: [debug] [ADB] 1 device(s) connected
2017-03-02 11:34:00:410 - info: [debug] [ADB] Running '/usr/local/bin/adb' with args: ["-P",5037,"-s","ZY223D7XPB","shell","pm","list","packages","-3","com.minicabit.android"]
2017-03-02 11:34:01:385 - info: [debug] [ADB] App is  installed
2017-03-02 11:34:01:385 - info: [AndroidDriver] Apk is already on remote and installed, resetting
2017-03-02 11:34:01:386 - info: [debug] [AndroidDriver] Running fast reset (stop and clear)
2017-03-02 11:34:01:387 - info: [debug] [ADB] Getting connected devices...
2017-03-02 11:34:01:409 - info: [debug] [ADB] 1 device(s) connected
2017-03-02 11:34:01:412 - info: [debug] [ADB] Running '/usr/local/bin/adb' with args: ["-P",5037,"-s","ZY223D7XPB","shell","am","force-stop","com.minicabit.android"]
2017-03-02 11:34:02:353 - info: [debug] [ADB] Getting connected devices...
2017-03-02 11:34:02:380 - info: [debug] [ADB] 1 device(s) connected
2017-03-02 11:34:02:381 - info: [debug] [ADB] Running '/usr/local/bin/adb' with args: ["-P",5037,"-s","ZY223D7XPB","shell","pm","clear","com.minicabit.android"]
2017-03-02 11:34:03:658 - info: [debug] [AndroidDriver] Extracting strings from apk /Users/krishnanand/Development/personal_projects/bintrayProj/app/app-release.apk null /var/folders/jc/0cxxjxj93dndm4j36j2tzvlw0000gn/T/com.minicabit.android
2017-03-02 11:34:03:660 - info: [debug] [ADB] Extracting strings for language: default
2017-03-02 11:34:03:664 - info: [debug] [ADB] Device API level: 24
2017-03-02 11:34:03:667 - info: [debug] [ADB] Getting connected devices...
2017-03-02 11:34:03:738 - info: [debug] [ADB] 1 device(s) connected
2017-03-02 11:34:03:744 - info: [debug] [ADB] Running '/usr/local/bin/adb' with args: ["-P",5037,"-s","ZY223D7XPB","shell","getprop","persist.sys.locale"]
2017-03-02 11:34:03:843 - info: [debug] [ADB] Current device property 'persist.sys.locale': en-US
2017-03-02 11:34:05:431 - info: [debug] [ADB] Reading strings from converted strings.json
2017-03-02 11:34:05:434 - info: [debug] [ADB] Running '/usr/local/bin/adb' with args: ["-P",5037,"-s","ZY223D7XPB","push","/var/folders/jc/0cxxjxj93dndm4j36j2tzvlw0000gn/T/com.minicabit.android/strings.json","/data/local/tmp"]
2017-03-02 11:34:05:468 - info: [debug] [AndroidBootstrap] Watching for bootstrap disconnect
2017-03-02 11:34:05:470 - info: [debug] [ADB] Forwarding system: 4724 to device: 4724
2017-03-02 11:34:05:471 - info: [debug] [ADB] Running '/usr/local/bin/adb' with args: ["-P",5037,"-s","ZY223D7XPB","forward","tcp:4724","tcp:4724"]
2017-03-02 11:34:05:491 - info: [debug] [UiAutomator] Starting UiAutomator
2017-03-02 11:34:05:492 - info: [debug] [UiAutomator] Moving to state 'starting'
2017-03-02 11:34:05:492 - info: [debug] [UiAutomator] Parsing uiautomator jar
2017-03-02 11:34:05:496 - info: [debug] [UiAutomator] Found jar name: 'AppiumBootstrap.jar'
2017-03-02 11:34:05:498 - info: [debug] [ADB] Running '/usr/local/bin/adb' with args: ["-P",5037,"-s","ZY223D7XPB","push","/usr/local/lib/node_modules/appium/node_modules/appium-android-bootstrap/bootstrap/bin/AppiumBootstrap.jar","/data/local/tmp/"]
2017-03-02 11:34:05:536 - info: [debug] [ADB] Attempting to kill all uiautomator processes
2017-03-02 11:34:05:539 - info: [debug] [ADB] Getting all processes with uiautomator
2017-03-02 11:34:05:539 - info: [debug] [ADB] Getting connected devices...
2017-03-02 11:34:05:566 - info: [debug] [ADB] 1 device(s) connected
2017-03-02 11:34:05:567 - info: [debug] [ADB] Running '/usr/local/bin/adb' with args: ["-P",5037,"-s","ZY223D7XPB","shell","ps"]
2017-03-02 11:34:05:714 - info: [ADB] No uiautomator process found to kill, continuing...
2017-03-02 11:34:05:715 - info: [debug] [UiAutomator] Starting UIAutomator
2017-03-02 11:34:05:715 - info: [debug] [ADB] Creating ADB subprocess with args: ["-P",5037,"-s","ZY223D7XPB","shell","uiautomator","runtest","AppiumBootstrap.jar","-c","io.appium.android.bootstrap.Bootstrap","-e","pkg","com.minicabit.android","-e","disableAndroidWatchers",false,"-e","acceptSslCerts",false]
2017-03-02 11:34:06:760 - info: [debug] [UiAutomator] Moving to state 'online'
2017-03-02 11:34:06:771 - info: [AndroidBootstrap] [BOOTSTRAP LOG] [debug] json loading complete.
2017-03-02 11:34:06:772 - info: [AndroidBootstrap] [BOOTSTRAP LOG] [debug] Registered crash watchers.
2017-03-02 11:34:06:788 - info: [AndroidBootstrap] Android bootstrap socket is now connected
2017-03-02 11:34:06:792 - info: [debug] [ADB] Device API level: 24
2017-03-02 11:34:06:794 - info: [debug] [ADB] Getting connected devices...
2017-03-02 11:34:06:801 - info: [AndroidBootstrap] [BOOTSTRAP LOG] [debug] Client connected
2017-03-02 11:34:06:832 - info: [debug] [ADB] 1 device(s) connected
2017-03-02 11:34:06:833 - info: [debug] [ADB] Running '/usr/local/bin/adb' with args: ["-P",5037,"-s","ZY223D7XPB","shell","am","start","-W","-n","com.minicabit.android/com.softheme.minicabit.activity.SplashActivity","-S","-a","android.intent.action.MAIN","-c","android.intent.category.LAUNCHER","-f","0x10200000"]
2017-03-02 11:34:08:640 - error: [UiAutomator] UiAutomator exited unexpectedly with code 0, signal null
2017-03-02 11:34:08:640 - info: [debug] [UiAutomator] Moving to state 'stopped'
2017-03-02 11:34:08:642 - error: [Logcat] Logcat terminated with code 0, signal null
2017-03-02 11:34:08:645 - info: [debug] [AndroidDriver] Shutting down Android driver
2017-03-02 11:34:08:648 - info: [debug] [ADB] Getting connected devices...
2017-03-02 11:34:08:653 - info: [Appium] New AndroidDriver session created successfully, session 5e5c8b47-5952-4200-8856-ef75137f251e added to master session list
2017-03-02 11:34:08:655 - warn: [Appium] Closing session, cause was 'UiAUtomator shut down unexpectedly'
2017-03-02 11:34:08:657 - info: [Appium] Removing session 5e5c8b47-5952-4200-8856-ef75137f251e from our master session list
2017-03-02 11:34:08:658 - info: [debug] [MJSONWP] Responding to client with driver.createSession() result: {"platform":"LINUX","webStorageEnabled":false,"takesScreenshot":true,"javascriptEnabled":true,"databaseEnabled":false,"networkConnectionEnabled":true,"locationContextEnabled":false,"warnings":{},"desired":{"app":"/Users/krishnanand/Development/personal_projects/bintrayProj/app/app-release.apk","appActivity":"com.softheme.minicabit.activity.SplashActivity","appPackage":"com.minicabit.android","avdLaunchTimeout":300000,"newCommandTimeout":180,"udid":"ZY223D7XPB","platformName":"Android","deviceName":"Moto G (4)","useKeystore":false},"app":"/Users/krishnanand/Development/personal_projects/bintrayProj/app/app-release.apk","appActivity":"com.softheme.minicabit.activity.SplashActivity","appPackage":"com.minicabit.android","avdLaunchTimeout":300000,"newCommandTimeout":180,"udid":"ZY223D7XPB","platformName":"Android","deviceName":"ZY223D7XPB","useKeystore":false,"deviceUDID":"ZY223D7XPB","platformVersion":"7.0"}
2017-03-02 11:34:08:665 - info: [HTTP] <-- POST /wd/hub/session 200 11146 ms - 989 
2017-03-02 11:34:08:669 - info: [debug] [ADB] 0 device(s) connected
2017-03-02 11:34:15:851 - info: [HTTP] --> POST /wd/hub/session/5e5c8b47-5952-4200-8856-ef75137f251e/element {"using":"id","value":"fromAddress"}
2017-03-02 11:34:15:861 - info: [HTTP] <-- POST /wd/hub/session/5e5c8b47-5952-4200-8856-ef75137f251e/element 404 9 ms - 131 
2017-03-02 11:34:16:394 - info: [HTTP] --> POST /wd/hub/session/5e5c8b47-5952-4200-8856-ef75137f251e/element {"using":"id","value":"fromAddress"}
2017-03-02 11:34:16:396 - info: [HTTP] <-- POST /wd/hub/session/5e5c8b47-5952-4200-8856-ef75137f251e/element 404 3 ms - 131 
2017-03-02 11:34:16:906 - info: [HTTP] --> POST /wd/hub/session/5e5c8b47-5952-4200-8856-ef75137f251e/element {"using":"id","value":"fromAddress"}
2017-03-02 11:34:16:908 - info: [HTTP] <-- POST /wd/hub/session/5e5c8b47-5952-4200-8856-ef75137f251e/element 404 2 ms - 131 
2017-03-02 11:34:17:418 - info: [HTTP] --> POST /wd/hub/session/5e5c8b47-5952-4200-8856-ef75137f251e/element {"using":"id","value":"fromAddress"}
2017-03-02 11:34:17:420 - info: [HTTP] <-- POST /wd/hub/session/5e5c8b47-5952-4200-8856-ef75137f251e/element 404 1 ms - 131 
2017-03-02 11:34:18:013 - info: [HTTP] --> POST /wd/hub/session/5e5c8b47-5952-4200-8856-ef75137f251e/element {"using":"id","value":"fromAddress"}
2017-03-02 11:34:18:015 - info: [HTTP] <-- POST /wd/hub/session/5e5c8b47-5952-4200-8856-ef75137f251e/element 404 1 ms - 131 
2017-03-02 11:34:18:525 - info: [HTTP] --> POST /wd/hub/session/5e5c8b47-5952-4200-8856-ef75137f251e/element {"using":"id","value":"fromAddress"}
2017-03-02 11:34:18:526 - info: [HTTP] <-- POST /wd/hub/session/5e5c8b47-5952-4200-8856-ef75137f251e/element 404 1 ms - 131 
2017-03-02 11:34:19:036 - info: [HTTP] --> POST /wd/hub/session/5e5c8b47-5952-4200-8856-ef75137f251e/element {"using":"id","value":"fromAddress"}
2017-03-02 11:34:19:037 - info: [HTTP] <-- POST /wd/hub/session/5e5c8b47-5952-4200-8856-ef75137f251e/element 404 1 ms - 131 
2017-03-02 11:34:19:542 - info: [HTTP] --> POST /wd/hub/session/5e5c8b47-5952-4200-8856-ef75137f251e/element {"using":"id","value":"fromAddress"}
2017-03-02 11:34:19:543 - info: [HTTP] <-- POST /wd/hub/session/5e5c8b47-5952-4200-8856-ef75137f251e/element 404 1 ms - 131 
2017-03-02 11:34:20:051 - info: [HTTP] --> POST /wd/hub/session/5e5c8b47-5952-4200-8856-ef75137f251e/element {"using":"id","value":"fromAddress"}
2017-03-02 11:34:20:053 - info: [HTTP] <-- POST /wd/hub/session/5e5c8b47-5952-4200-8856-ef75137f251e/element 404 1 ms - 131 
2017-03-02 11:34:20:560 - info: [HTTP] --> POST /wd/hub/session/5e5c8b47-5952-4200-8856-ef75137f251e/element {"using":"id","value":"fromAddress"}
2017-03-02 11:34:20:562 - info: [HTTP] <-- POST /wd/hub/session/5e5c8b47-5952-4200-8856-ef75137f251e/element 404 1 ms - 131 
2017-03-02 11:34:21:066 - info: [HTTP] --> POST /wd/hub/session/5e5c8b47-5952-4200-8856-ef75137f251e/element {"using":"id","value":"fromAddress"}
2017-03-02 11:34:21:067 - info: [HTTP] <-- POST /wd/hub/session/5e5c8b47-5952-4200-8856-ef75137f251e/element 404 1 ms - 131 
2017-03-02 11:34:21:573 - info: [HTTP] --> POST /wd/hub/session/5e5c8b47-5952-4200-8856-ef75137f251e/element {"using":"id","value":"fromAddress"}
2017-03-02 11:34:21:575 - info: [HTTP] <-- POST /wd/hub/session/5e5c8b47-5952-4200-8856-ef75137f251e/element 404 1 ms - 131 
2017-03-02 11:34:21:672 - info: [HTTP] --> GET / {}
2017-03-02 11:34:21:676 - info: [debug] [HTTP] No route found. Setting content type to 'text/plain'
2017-03-02 11:34:21:677 - info: [HTTP] <-- GET / 404 4 ms - 43 
2017-03-02 11:34:22:083 - info: [HTTP] --> POST /wd/hub/session/5e5c8b47-5952-4200-8856-ef75137f251e/element {"using":"id","value":"fromAddress"}
2017-03-02 11:34:22:084 - info: [HTTP] <-- POST /wd/hub/session/5e5c8b47-5952-4200-8856-ef75137f251e/element 404 1 ms - 131 
2017-03-02 11:34:22:624 - info: [HTTP] --> POST /wd/hub/session/5e5c8b47-5952-4200-8856-ef75137f251e/element {"using":"id","value":"fromAddress"}
2017-03-02 11:34:22:632 - info: [HTTP] <-- POST /wd/hub/session/5e5c8b47-5952-4200-8856-ef75137f251e/element 404 1 ms - 131 
2017-03-02 11:34:23:147 - info: [HTTP] --> POST /wd/hub/session/5e5c8b47-5952-4200-8856-ef75137f251e/element {"using":"id","value":"fromAddress"}
2017-03-02 11:34:23:155 - info: [HTTP] <-- POST /wd/hub/session/5e5c8b47-5952-4200-8856-ef75137f251e/element 404 5 ms - 131 
2017-03-02 11:34:23:179 - info: [HTTP] <-- GET /favicon.ico 200 8 ms - 1150 
2017-03-02 11:34:23:662 - info: [HTTP] --> POST /wd/hub/session/5e5c8b47-5952-4200-8856-ef75137f251e/element {"using":"id","value":"fromAddress"}
2017-03-02 11:34:23:664 - info: [HTTP] <-- POST /wd/hub/session/5e5c8b47-5952-4200-8856-ef75137f251e/element 404 1 ms - 131 
2017-03-02 11:34:24:180 - info: [HTTP] --> POST /wd/hub/session/5e5c8b47-5952-4200-8856-ef75137f251e/element {"using":"id","value":"fromAddress"}
2017-03-02 11:34:24:182 - info: [HTTP] <-- POST /wd/hub/session/5e5c8b47-5952-4200-8856-ef75137f251e/element 404 1 ms - 131 
2017-03-02 11:34:24:690 - info: [HTTP] --> POST /wd/hub/session/5e5c8b47-5952-4200-8856-ef75137f251e/element {"using":"id","value":"fromAddress"}
2017-03-02 11:34:24:691 - info: [HTTP] <-- POST /wd/hub/session/5e5c8b47-5952-4200-8856-ef75137f251e/element 404 1 ms - 131 
2017-03-02 11:34:25:199 - info: [HTTP] --> POST /wd/hub/session/5e5c8b47-5952-4200-8856-ef75137f251e/element {"using":"id","value":"fromAddress"}
2017-03-02 11:34:25:201 - info: [HTTP] <-- POST /wd/hub/session/5e5c8b47-5952-4200-8856-ef75137f251e/element 404 1 ms - 131 
2017-03-02 11:34:25:715 - info: [HTTP] --> POST /wd/hub/session/5e5c8b47-5952-4200-8856-ef75137f251e/element {"using":"id","value":"fromAddress"}
2017-03-02 11:34:25:717 - info: [HTTP] <-- POST /wd/hub/session/5e5c8b47-5952-4200-8856-ef75137f251e/element 404 1 ms - 131 
2017-03-02 11:34:26:223 - info: [HTTP] --> POST /wd/hub/session/5e5c8b47-5952-4200-8856-ef75137f251e/element {"using":"id","value":"fromAddress"}
2017-03-02 11:34:26:227 - info: [HTTP] <-- POST /wd/hub/session/5e5c8b47-5952-4200-8856-ef75137f251e/element 404 1 ms - 131 
2017-03-02 11:34:26:755 - info: [HTTP] --> POST /wd/hub/session/5e5c8b47-5952-4200-8856-ef75137f251e/element {"using":"id","value":"fromAddress"}
2017-03-02 11:34:26:757 - info: [HTTP] <-- POST /wd/hub/session/5e5c8b47-5952-4200-8856-ef75137f251e/element 404 2 ms - 131 
2017-03-02 11:34:27:269 - info: [HTTP] --> POST /wd/hub/session/5e5c8b47-5952-4200-8856-ef75137f251e/element {"using":"id","value":"fromAddress"}
2017-03-02 11:34:27:271 - info: [HTTP] <-- POST /wd/hub/session/5e5c8b47-5952-4200-8856-ef75137f251e/element 404 1 ms - 131 
2017-03-02 11:34:27:786 - info: [HTTP] --> POST /wd/hub/session/5e5c8b47-5952-4200-8856-ef75137f251e/element {"using":"id","value":"fromAddress"}
2017-03-02 11:34:27:789 - info: [HTTP] <-- POST /wd/hub/session/5e5c8b47-5952-4200-8856-ef75137f251e/element 404 3 ms - 131 
2017-03-02 11:34:28:299 - info: [HTTP] --> POST /wd/hub/session/5e5c8b47-5952-4200-8856-ef75137f251e/element {"using":"id","value":"fromAddress"}
2017-03-02 11:34:28:300 - info: [HTTP] <-- POST /wd/hub/session/5e5c8b47-5952-4200-8856-ef75137f251e/element 404 1 ms - 131 
2017-03-02 11:34:28:805 - info: [HTTP] --> POST /wd/hub/session/5e5c8b47-5952-4200-8856-ef75137f251e/element {"using":"id","value":"fromAddress"}
2017-03-02 11:34:28:806 - info: [HTTP] <-- POST /wd/hub/session/5e5c8b47-5952-4200-8856-ef75137f251e/element 404 1 ms - 131 
2017-03-02 11:34:29:312 - info: [HTTP] --> POST /wd/hub/session/5e5c8b47-5952-4200-8856-ef75137f251e/element {"using":"id","value":"fromAddress"}
2017-03-02 11:34:29:314 - info: [HTTP] <-- POST /wd/hub/session/5e5c8b47-5952-4200-8856-ef75137f251e/element 404 1 ms - 131 
2017-03-02 11:34:29:822 - info: [HTTP] --> POST /wd/hub/session/5e5c8b47-5952-4200-8856-ef75137f251e/element {"using":"id","value":"fromAddress"}
2017-03-02 11:34:29:824 - info: [HTTP] <-- POST /wd/hub/session/5e5c8b47-5952-4200-8856-ef75137f251e/element 404 1 ms - 131 
2017-03-02 11:34:30:331 - info: [HTTP] --> POST /wd/hub/session/5e5c8b47-5952-4200-8856-ef75137f251e/element {"using":"id","value":"fromAddress"}
2017-03-02 11:34:30:336 - info: [HTTP] <-- POST /wd/hub/session/5e5c8b47-5952-4200-8856-ef75137f251e/element 404 2 ms - 131 
2017-03-02 11:34:30:451 - info: [HTTP] --> GET /wb/hub/session {}
2017-03-02 11:34:30:455 - info: [debug] [HTTP] No route found. Setting content type to 'text/plain'
2017-03-02 11:34:30:531 - info: [HTTP] <-- GET /wb/hub/session 404 7 ms - 57 
2017-03-02 11:34:30:841 - info: [HTTP] --> POST /wd/hub/session/5e5c8b47-5952-4200-8856-ef75137f251e/element {"using":"id","value":"fromAddress"}
2017-03-02 11:34:30:872 - info: [HTTP] <-- POST /wd/hub/session/5e5c8b47-5952-4200-8856-ef75137f251e/element 404 29 ms - 131 
2017-03-02 11:34:31:380 - info: [HTTP] --> POST /wd/hub/session/5e5c8b47-5952-4200-8856-ef75137f251e/element {"using":"id","value":"fromAddress"}
2017-03-02 11:34:31:381 - info: [HTTP] <-- POST /wd/hub/session/5e5c8b47-5952-4200-8856-ef75137f251e/element 404 1 ms - 131 
2017-03-02 11:34:31:889 - info: [HTTP] --> POST /wd/hub/session/5e5c8b47-5952-4200-8856-ef75137f251e/element {"using":"id","value":"fromAddress"}
2017-03-02 11:34:31:890 - info: [HTTP] <-- POST /wd/hub/session/5e5c8b47-5952-4200-8856-ef75137f251e/element 404 1 ms - 131 
2017-03-02 11:34:32:397 - info: [HTTP] --> POST /wd/hub/session/5e5c8b47-5952-4200-8856-ef75137f251e/element {"using":"id","value":"fromAddress"}
2017-03-02 11:34:32:399 - info: [HTTP] <-- POST /wd/hub/session/5e5c8b47-5952-4200-8856-ef75137f251e/element 404 1 ms - 131 
2017-03-02 11:34:32:910 - info: [HTTP] --> POST /wd/hub/session/5e5c8b47-5952-4200-8856-ef75137f251e/element {"using":"id","value":"fromAddress"}
2017-03-02 11:34:32:912 - info: [HTTP] <-- POST /wd/hub/session/5e5c8b47-5952-4200-8856-ef75137f251e/element 404 1 ms - 131 
2017-03-02 11:34:33:418 - info: [HTTP] --> POST /wd/hub/session/5e5c8b47-5952-4200-8856-ef75137f251e/element {"using":"id","value":"fromAddress"}
2017-03-02 11:34:33:421 - info: [HTTP] <-- POST /wd/hub/session/5e5c8b47-5952-4200-8856-ef75137f251e/element 404 1 ms - 131 
2017-03-02 11:34:33:927 - info: [HTTP] --> POST /wd/hub/session/5e5c8b47-5952-4200-8856-ef75137f251e/element {"using":"id","value":"fromAddress"}
2017-03-02 11:34:33:929 - info: [HTTP] <-- POST /wd/hub/session/5e5c8b47-5952-4200-8856-ef75137f251e/element 404 1 ms - 131 
2017-03-02 11:34:34:437 - info: [HTTP] --> POST /wd/hub/session/5e5c8b47-5952-4200-8856-ef75137f251e/element {"using":"id","value":"fromAddress"}
2017-03-02 11:34:34:438 - info: [HTTP] <-- POST /wd/hub/session/5e5c8b47-5952-4200-8856-ef75137f251e/element 404 1 ms - 131 
2017-03-02 11:34:34:948 - info: [HTTP] --> POST /wd/hub/session/5e5c8b47-5952-4200-8856-ef75137f251e/element {"using":"id","value":"fromAddress"}
2017-03-02 11:34:34:949 - info: [HTTP] <-- POST /wd/hub/session/5e5c8b47-5952-4200-8856-ef75137f251e/element 404 1 ms - 131 
2017-03-02 11:34:35:458 - info: [HTTP] --> POST /wd/hub/session/5e5c8b47-5952-4200-8856-ef75137f251e/element {"using":"id","value":"fromAddress"}
2017-03-02 11:34:35:461 - info: [HTTP] <-- POST /wd/hub/session/5e5c8b47-5952-4200-8856-ef75137f251e/element 404 3 ms - 131 
2017-03-02 11:34:35:969 - info: [HTTP] --> POST /wd/hub/session/5e5c8b47-5952-4200-8856-ef75137f251e/element {"using":"id","value":"fromAddress"}
2017-03-02 11:34:35:971 - info: [HTTP] <-- POST /wd/hub/session/5e5c8b47-5952-4200-8856-ef75137f251e/element 404 1 ms - 131 
2017-03-02 11:34:36:485 - info: [HTTP] --> POST /wd/hub/session/5e5c8b47-5952-4200-8856-ef75137f251e/element {"using":"id","value":"fromAddress"}
2017-03-02 11:34:36:488 - info: [HTTP] <-- POST /wd/hub/session/5e5c8b47-5952-4200-8856-ef75137f251e/element 404 3 ms - 131 
2017-03-02 11:34:36:996 - info: [HTTP] --> POST /wd/hub/session/5e5c8b47-5952-4200-8856-ef75137f251e/element {"using":"id","value":"fromAddress"}
2017-03-02 11:34:36:998 - info: [HTTP] <-- POST /wd/hub/session/5e5c8b47-5952-4200-8856-ef75137f251e/element 404 1 ms - 131 
2017-03-02 11:34:37:506 - info: [HTTP] --> POST /wd/hub/session/5e5c8b47-5952-4200-8856-ef75137f251e/element {"using":"id","value":"fromAddress"}
2017-03-02 11:34:37:508 - info: [HTTP] <-- POST /wd/hub/session/5e5c8b47-5952-4200-8856-ef75137f251e/element 404 1 ms - 131 
2017-03-02 11:34:38:012 - info: [HTTP] --> POST /wd/hub/session/5e5c8b47-5952-4200-8856-ef75137f251e/element {"using":"id","value":"fromAddress"}
2017-03-02 11:34:38:014 - info: [HTTP] <-- POST /wd/hub/session/5e5c8b47-5952-4200-8856-ef75137f251e/element 404 1 ms - 131 
2017-03-02 11:34:38:521 - info: [HTTP] --> POST /wd/hub/session/5e5c8b47-5952-4200-8856-ef75137f251e/element {"using":"id","value":"fromAddress"}
2017-03-02 11:34:38:523 - info: [HTTP] <-- POST /wd/hub/session/5e5c8b47-5952-4200-8856-ef75137f251e/element 404 1 ms - 131 
2017-03-02 11:34:39:062 - info: [HTTP] --> POST /wd/hub/session/5e5c8b47-5952-4200-8856-ef75137f251e/element {"using":"id","value":"fromAddress"}
2017-03-02 11:34:39:064 - info: [HTTP] <-- POST /wd/hub/session/5e5c8b47-5952-4200-8856-ef75137f251e/element 404 1 ms - 131 
2017-03-02 11:34:39:574 - info: [HTTP] --> POST /wd/hub/session/5e5c8b47-5952-4200-8856-ef75137f251e/element {"using":"id","value":"fromAddress"}
2017-03-02 11:34:39:576 - info: [HTTP] <-- POST /wd/hub/session/5e5c8b47-5952-4200-8856-ef75137f251e/element 404 1 ms - 131 
2017-03-02 11:34:40:091 - info: [HTTP] --> POST /wd/hub/session/5e5c8b47-5952-4200-8856-ef75137f251e/element {"using":"id","value":"fromAddress"}
2017-03-02 11:34:40:095 - info: [HTTP] <-- POST /wd/hub/session/5e5c8b47-5952-4200-8856-ef75137f251e/element 404 8 ms - 131 
2017-03-02 11:34:40:608 - info: [HTTP] --> POST /wd/hub/session/5e5c8b47-5952-4200-8856-ef75137f251e/element {"using":"id","value":"fromAddress"}
2017-03-02 11:34:40:609 - info: [HTTP] <-- POST /wd/hub/session/5e5c8b47-5952-4200-8856-ef75137f251e/element 404 1 ms - 131 
2017-03-02 11:34:41:115 - info: [HTTP] --> POST /wd/hub/session/5e5c8b47-5952-4200-8856-ef75137f251e/element {"using":"id","value":"fromAddress"}
2017-03-02 11:34:41:117 - info: [HTTP] <-- POST /wd/hub/session/5e5c8b47-5952-4200-8856-ef75137f251e/element 404 1 ms - 131 
2017-03-02 11:34:41:623 - info: [HTTP] --> POST /wd/hub/session/5e5c8b47-5952-4200-8856-ef75137f251e/element {"using":"id","value":"fromAddress"}
2017-03-02 11:34:41:624 - info: [HTTP] <-- POST /wd/hub/session/5e5c8b47-5952-4200-8856-ef75137f251e/element 404 1 ms - 131 
2017-03-02 11:34:42:131 - info: [HTTP] --> POST /wd/hub/session/5e5c8b47-5952-4200-8856-ef75137f251e/element {"using":"id","value":"fromAddress"}
2017-03-02 11:34:42:132 - info: [HTTP] <-- POST /wd/hub/session/5e5c8b47-5952-4200-8856-ef75137f251e/element 404 1 ms - 131 
2017-03-02 11:34:42:641 - info: [HTTP] --> POST /wd/hub/session/5e5c8b47-5952-4200-8856-ef75137f251e/element {"using":"id","value":"fromAddress"}
2017-03-02 11:34:42:643 - info: [HTTP] <-- POST /wd/hub/session/5e5c8b47-5952-4200-8856-ef75137f251e/element 404 1 ms - 131 
2017-03-02 11:34:43:155 - info: [HTTP] --> POST /wd/hub/session/5e5c8b47-5952-4200-8856-ef75137f251e/element {"using":"id","value":"fromAddress"}
2017-03-02 11:34:43:158 - info: [HTTP] <-- POST /wd/hub/session/5e5c8b47-5952-4200-8856-ef75137f251e/element 404 1 ms - 131 
2017-03-02 11:34:43:668 - info: [HTTP] --> POST /wd/hub/session/5e5c8b47-5952-4200-8856-ef75137f251e/element {"using":"id","value":"fromAddress"}
2017-03-02 11:34:43:671 - info: [HTTP] <-- POST /wd/hub/session/5e5c8b47-5952-4200-8856-ef75137f251e/element 404 1 ms - 131 
2017-03-02 11:34:44:190 - info: [HTTP] --> POST /wd/hub/session/5e5c8b47-5952-4200-8856-ef75137f251e/element {"using":"id","value":"fromAddress"}
2017-03-02 11:34:44:193 - info: [HTTP] <-- POST /wd/hub/session/5e5c8b47-5952-4200-8856-ef75137f251e/element 404 3 ms - 131 
2017-03-02 11:34:44:703 - info: [HTTP] --> POST /wd/hub/session/5e5c8b47-5952-4200-8856-ef75137f251e/element {"using":"id","value":"fromAddress"}
2017-03-02 11:34:44:706 - info: [HTTP] <-- POST /wd/hub/session/5e5c8b47-5952-4200-8856-ef75137f251e/element 404 1 ms - 131 
2017-03-02 11:34:45:212 - info: [HTTP] --> POST /wd/hub/session/5e5c8b47-5952-4200-8856-ef75137f251e/element {"using":"id","value":"fromAddress"}
2017-03-02 11:34:45:213 - info: [HTTP] <-- POST /wd/hub/session/5e5c8b47-5952-4200-8856-ef75137f251e/element 404 1 ms - 131 
2017-03-02 11:34:45:724 - info: [HTTP] --> POST /wd/hub/session/5e5c8b47-5952-4200-8856-ef75137f251e/element {"using":"id","value":"fromAddress"}
2017-03-02 11:34:45:725 - info: [HTTP] <-- POST /wd/hub/session/5e5c8b47-5952-4200-8856-ef75137f251e/element 404 1 ms - 131 
2017-03-02 11:34:46:239 - info: [HTTP] --> POST /wd/hub/session/5e5c8b47-5952-4200-8856-ef75137f251e/element {"using":"id","value":"fromAddress"}
2017-03-02 11:34:46:258 - info: [HTTP] <-- POST /wd/hub/session/5e5c8b47-5952-4200-8856-ef75137f251e/element 404 7 ms - 131 
2017-03-02 11:34:46:773 - info: [HTTP] --> POST /wd/hub/session/5e5c8b47-5952-4200-8856-ef75137f251e/element {"using":"id","value":"fromAddress"}
2017-03-02 11:34:46:774 - info: [HTTP] <-- POST /wd/hub/session/5e5c8b47-5952-4200-8856-ef75137f251e/element 404 2 ms - 131 
2017-03-02 11:34:47:285 - info: [HTTP] --> POST /wd/hub/session/5e5c8b47-5952-4200-8856-ef75137f251e/element {"using":"id","value":"fromAddress"}
2017-03-02 11:34:47:287 - info: [HTTP] <-- POST /wd/hub/session/5e5c8b47-5952-4200-8856-ef75137f251e/element 404 1 ms - 131 
2017-03-02 11:34:47:794 - info: [HTTP] --> POST /wd/hub/session/5e5c8b47-5952-4200-8856-ef75137f251e/element {"using":"id","value":"fromAddress"}
2017-03-02 11:34:47:796 - info: [HTTP] <-- POST /wd/hub/session/5e5c8b47-5952-4200-8856-ef75137f251e/element 404 1 ms - 131 
2017-03-02 11:34:48:305 - info: [HTTP] --> POST /wd/hub/session/5e5c8b47-5952-4200-8856-ef75137f251e/element {"using":"id","value":"fromAddress"}
2017-03-02 11:34:48:309 - info: [HTTP] <-- POST /wd/hub/session/5e5c8b47-5952-4200-8856-ef75137f251e/element 404 2 ms - 131 
2017-03-02 11:34:48:817 - info: [HTTP] --> POST /wd/hub/session/5e5c8b47-5952-4200-8856-ef75137f251e/element {"using":"id","value":"fromAddress"}
2017-03-02 11:34:48:818 - info: [HTTP] <-- POST /wd/hub/session/5e5c8b47-5952-4200-8856-ef75137f251e/element 404 1 ms - 131 
2017-03-02 11:34:49:322 - info: [HTTP] --> POST /wd/hub/session/5e5c8b47-5952-4200-8856-ef75137f251e/element {"using":"id","value":"fromAddress"}
2017-03-02 11:34:49:325 - info: [HTTP] <-- POST /wd/hub/session/5e5c8b47-5952-4200-8856-ef75137f251e/element 404 1 ms - 131 
2017-03-02 11:34:49:836 - info: [HTTP] --> POST /wd/hub/session/5e5c8b47-5952-4200-8856-ef75137f251e/element {"using":"id","value":"fromAddress"}
2017-03-02 11:34:49:838 - info: [HTTP] <-- POST /wd/hub/session/5e5c8b47-5952-4200-8856-ef75137f251e/element 404 1 ms - 131 
2017-03-02 11:34:50:349 - info: [HTTP] --> POST /wd/hub/session/5e5c8b47-5952-4200-8856-ef75137f251e/element {"using":"id","value":"fromAddress"}
2017-03-02 11:34:50:350 - info: [HTTP] <-- POST /wd/hub/session/5e5c8b47-5952-4200-8856-ef75137f251e/element 404 1 ms - 131 
2017-03-02 11:34:50:856 - info: [HTTP] --> POST /wd/hub/session/5e5c8b47-5952-4200-8856-ef75137f251e/element {"using":"id","value":"fromAddress"}
2017-03-02 11:34:50:857 - info: [HTTP] <-- POST /wd/hub/session/5e5c8b47-5952-4200-8856-ef75137f251e/element 404 1 ms - 131 
2017-03-02 11:34:51:365 - info: [HTTP] --> POST /wd/hub/session/5e5c8b47-5952-4200-8856-ef75137f251e/element {"using":"id","value":"fromAddress"}
2017-03-02 11:34:51:366 - info: [HTTP] <-- POST /wd/hub/session/5e5c8b47-5952-4200-8856-ef75137f251e/element 404 1 ms - 131 
2017-03-02 11:34:51:874 - info: [HTTP] --> POST /wd/hub/session/5e5c8b47-5952-4200-8856-ef75137f251e/element {"using":"id","value":"fromAddress"}
2017-03-02 11:34:51:875 - info: [HTTP] <-- POST /wd/hub/session/5e5c8b47-5952-4200-8856-ef75137f251e/element 404 1 ms - 131 
2017-03-02 11:34:52:382 - info: [HTTP] --> POST /wd/hub/session/5e5c8b47-5952-4200-8856-ef75137f251e/element {"using":"id","value":"fromAddress"}
2017-03-02 11:34:52:383 - info: [HTTP] <-- POST /wd/hub/session/5e5c8b47-5952-4200-8856-ef75137f251e/element 404 1 ms - 131 
2017-03-02 11:34:52:891 - info: [HTTP] --> POST /wd/hub/session/5e5c8b47-5952-4200-8856-ef75137f251e/element {"using":"id","value":"fromAddress"}
2017-03-02 11:34:52:893 - info: [HTTP] <-- POST /wd/hub/session/5e5c8b47-5952-4200-8856-ef75137f251e/element 404 1 ms - 131 
2017-03-02 11:34:53:401 - info: [HTTP] --> POST /wd/hub/session/5e5c8b47-5952-4200-8856-ef75137f251e/element {"using":"id","value":"fromAddress"}
2017-03-02 11:34:53:402 - info: [HTTP] <-- POST /wd/hub/session/5e5c8b47-5952-4200-8856-ef75137f251e/element 404 1 ms - 131 
2017-03-02 11:34:53:599 - info: [HTTP] --> GET / {}
2017-03-02 11:34:53:601 - info: [debug] [HTTP] No route found. Setting content type to 'text/plain'
2017-03-02 11:34:53:603 - info: [HTTP] <-- GET / 404 3 ms - 43 
2017-03-02 11:34:53:908 - info: [HTTP] --> POST /wd/hub/session/5e5c8b47-5952-4200-8856-ef75137f251e/element {"using":"id","value":"fromAddress"}
2017-03-02 11:34:53:910 - info: [HTTP] <-- POST /wd/hub/session/5e5c8b47-5952-4200-8856-ef75137f251e/element 404 1 ms - 131 
2017-03-02 11:34:54:428 - info: [HTTP] --> POST /wd/hub/session/5e5c8b47-5952-4200-8856-ef75137f251e/element {"using":"id","value":"fromAddress"}
2017-03-02 11:34:54:431 - info: [HTTP] <-- POST /wd/hub/session/5e5c8b47-5952-4200-8856-ef75137f251e/element 404 12 ms - 131 
2017-03-02 11:34:54:936 - info: [HTTP] --> POST /wd/hub/session/5e5c8b47-5952-4200-8856-ef75137f251e/element {"using":"id","value":"fromAddress"}
2017-03-02 11:34:54:938 - info: [HTTP] <-- POST /wd/hub/session/5e5c8b47-5952-4200-8856-ef75137f251e/element 404 1 ms - 131 
2017-03-02 11:34:55:441 - info: [HTTP] --> POST /wd/hub/session/5e5c8b47-5952-4200-8856-ef75137f251e/element {"using":"id","value":"fromAddress"}
2017-03-02 11:34:55:443 - info: [HTTP] <-- POST /wd/hub/session/5e5c8b47-5952-4200-8856-ef75137f251e/element 404 1 ms - 131 
2017-03-02 11:34:55:951 - info: [HTTP] --> POST /wd/hub/session/5e5c8b47-5952-4200-8856-ef75137f251e/element {"using":"id","value":"fromAddress"}
2017-03-02 11:34:55:952 - info: [HTTP] <-- POST /wd/hub/session/5e5c8b47-5952-4200-8856-ef75137f251e/element 404 1 ms - 131 
2017-03-02 11:34:56:462 - info: [HTTP] --> POST /wd/hub/session/5e5c8b47-5952-4200-8856-ef75137f251e/element {"using":"id","value":"fromAddress"}
2017-03-02 11:34:56:463 - info: [HTTP] <-- POST /wd/hub/session/5e5c8b47-5952-4200-8856-ef75137f251e/element 404 1 ms - 131 
2017-03-02 11:34:56:972 - info: [HTTP] --> POST /wd/hub/session/5e5c8b47-5952-4200-8856-ef75137f251e/element {"using":"id","value":"fromAddress"}
2017-03-02 11:34:56:974 - info: [HTTP] <-- POST /wd/hub/session/5e5c8b47-5952-4200-8856-ef75137f251e/element 404 1 ms - 131 
2017-03-02 11:34:57:520 - info: [HTTP] --> POST /wd/hub/session/5e5c8b47-5952-4200-8856-ef75137f251e/element {"using":"id","value":"fromAddress"}
2017-03-02 11:34:57:532 - info: [HTTP] <-- POST /wd/hub/session/5e5c8b47-5952-4200-8856-ef75137f251e/element 404 5 ms - 131 
2017-03-02 11:34:58:038 - info: [HTTP] --> POST /wd/hub/session/5e5c8b47-5952-4200-8856-ef75137f251e/element {"using":"id","value":"fromAddress"}
2017-03-02 11:34:58:039 - info: [HTTP] <-- POST /wd/hub/session/5e5c8b47-5952-4200-8856-ef75137f251e/element 404 1 ms - 131 
2017-03-02 11:34:58:548 - info: [HTTP] --> POST /wd/hub/session/5e5c8b47-5952-4200-8856-ef75137f251e/element {"using":"id","value":"fromAddress"}
2017-03-02 11:34:58:550 - info: [HTTP] <-- POST /wd/hub/session/5e5c8b47-5952-4200-8856-ef75137f251e/element 404 1 ms - 131 
2017-03-02 11:34:59:064 - info: [HTTP] --> POST /wd/hub/session/5e5c8b47-5952-4200-8856-ef75137f251e/element {"using":"id","value":"fromAddress"}
2017-03-02 11:34:59:065 - info: [HTTP] <-- POST /wd/hub/session/5e5c8b47-5952-4200-8856-ef75137f251e/element 404 2 ms - 131 
2017-03-02 11:34:59:572 - info: [HTTP] --> POST /wd/hub/session/5e5c8b47-5952-4200-8856-ef75137f251e/element {"using":"id","value":"fromAddress"}
2017-03-02 11:34:59:574 - info: [HTTP] <-- POST /wd/hub/session/5e5c8b47-5952-4200-8856-ef75137f251e/element 404 1 ms - 131 
2017-03-02 11:35:00:088 - info: [HTTP] --> POST /wd/hub/session/5e5c8b47-5952-4200-8856-ef75137f251e/element {"using":"id","value":"fromAddress"}
2017-03-02 11:35:00:090 - info: [HTTP] <-- POST /wd/hub/session/5e5c8b47-5952-4200-8856-ef75137f251e/element 404 1 ms - 131 
2017-03-02 11:35:00:606 - info: [HTTP] --> POST /wd/hub/session/5e5c8b47-5952-4200-8856-ef75137f251e/element {"using":"id","value":"fromAddress"}
2017-03-02 11:35:00:607 - info: [HTTP] <-- POST /wd/hub/session/5e5c8b47-5952-4200-8856-ef75137f251e/element 404 1 ms - 131 
2017-03-02 11:35:01:127 - info: [HTTP] --> POST /wd/hub/session/5e5c8b47-5952-4200-8856-ef75137f251e/element {"using":"id","value":"fromAddress"}
2017-03-02 11:35:01:130 - info: [HTTP] <-- POST /wd/hub/session/5e5c8b47-5952-4200-8856-ef75137f251e/element 404 2 ms - 131 
2017-03-02 11:35:01:730 - info: [HTTP] --> POST /wd/hub/session/5e5c8b47-5952-4200-8856-ef75137f251e/element {"using":"id","value":"fromAddress"}
2017-03-02 11:35:01:743 - info: [HTTP] <-- POST /wd/hub/session/5e5c8b47-5952-4200-8856-ef75137f251e/element 404 1 ms - 131 
2017-03-02 11:35:02:258 - info: [HTTP] --> POST /wd/hub/session/5e5c8b47-5952-4200-8856-ef75137f251e/element {"using":"id","value":"fromAddress"}
2017-03-02 11:35:02:259 - info: [HTTP] <-- POST /wd/hub/session/5e5c8b47-5952-4200-8856-ef75137f251e/element 404 1 ms - 131 
2017-03-02 11:35:02:766 - info: [HTTP] --> POST /wd/hub/session/5e5c8b47-5952-4200-8856-ef75137f251e/element {"using":"id","value":"fromAddress"}
2017-03-02 11:35:02:767 - info: [HTTP] <-- POST /wd/hub/session/5e5c8b47-5952-4200-8856-ef75137f251e/element 404 1 ms - 131 
2017-03-02 11:35:03:275 - info: [HTTP] --> POST /wd/hub/session/5e5c8b47-5952-4200-8856-ef75137f251e/element {"using":"id","value":"fromAddress"}
2017-03-02 11:35:03:277 - info: [HTTP] <-- POST /wd/hub/session/5e5c8b47-5952-4200-8856-ef75137f251e/element 404 1 ms - 131 
2017-03-02 11:35:03:787 - info: [HTTP] --> POST /wd/hub/session/5e5c8b47-5952-4200-8856-ef75137f251e/element {"using":"id","value":"fromAddress"}
2017-03-02 11:35:03:788 - info: [HTTP] <-- POST /wd/hub/session/5e5c8b47-5952-4200-8856-ef75137f251e/element 404 1 ms - 131 
2017-03-02 11:35:04:296 - info: [HTTP] --> POST /wd/hub/session/5e5c8b47-5952-4200-8856-ef75137f251e/element {"using":"id","value":"fromAddress"}
2017-03-02 11:35:04:298 - info: [HTTP] <-- POST /wd/hub/session/5e5c8b47-5952-4200-8856-ef75137f251e/element 404 1 ms - 131 
2017-03-02 11:35:04:816 - info: [HTTP] --> POST /wd/hub/session/5e5c8b47-5952-4200-8856-ef75137f251e/element {"using":"id","value":"fromAddress"}
2017-03-02 11:35:04:818 - info: [HTTP] <-- POST /wd/hub/session/5e5c8b47-5952-4200-8856-ef75137f251e/element 404 2 ms - 131 
2017-03-02 11:35:05:329 - info: [HTTP] --> POST /wd/hub/session/5e5c8b47-5952-4200-8856-ef75137f251e/element {"using":"id","value":"fromAddress"}
2017-03-02 11:35:05:331 - info: [HTTP] <-- POST /wd/hub/session/5e5c8b47-5952-4200-8856-ef75137f251e/element 404 1 ms - 131 
2017-03-02 11:35:05:946 - info: [HTTP] --> POST /wd/hub/session/5e5c8b47-5952-4200-8856-ef75137f251e/element {"using":"id","value":"fromAddress"}
2017-03-02 11:35:05:951 - info: [HTTP] <-- POST /wd/hub/session/5e5c8b47-5952-4200-8856-ef75137f251e/element 404 4 ms - 131 
2017-03-02 11:35:06:463 - info: [HTTP] --> POST /wd/hub/session/5e5c8b47-5952-4200-8856-ef75137f251e/element {"using":"id","value":"fromAddress"}
2017-03-02 11:35:06:465 - info: [HTTP] <-- POST /wd/hub/session/5e5c8b47-5952-4200-8856-ef75137f251e/element 404 2 ms - 131 
2017-03-02 11:35:06:975 - info: [HTTP] --> POST /wd/hub/session/5e5c8b47-5952-4200-8856-ef75137f251e/element {"using":"id","value":"fromAddress"}
2017-03-02 11:35:06:979 - info: [HTTP] <-- POST /wd/hub/session/5e5c8b47-5952-4200-8856-ef75137f251e/element 404 4 ms - 131 
2017-03-02 11:35:07:505 - info: [HTTP] --> POST /wd/hub/session/5e5c8b47-5952-4200-8856-ef75137f251e/element {"using":"id","value":"fromAddress"}
2017-03-02 11:35:07:507 - info: [HTTP] <-- POST /wd/hub/session/5e5c8b47-5952-4200-8856-ef75137f251e/element 404 1 ms - 131 
2017-03-02 11:35:08:016 - info: [HTTP] --> POST /wd/hub/session/5e5c8b47-5952-4200-8856-ef75137f251e/element {"using":"id","value":"fromAddress"}
2017-03-02 11:35:08:018 - info: [HTTP] <-- POST /wd/hub/session/5e5c8b47-5952-4200-8856-ef75137f251e/element 404 2 ms - 131 
2017-03-02 11:35:08:528 - info: [HTTP] --> POST /wd/hub/session/5e5c8b47-5952-4200-8856-ef75137f251e/element {"using":"id","value":"fromAddress"}
2017-03-02 11:35:08:532 - info: [HTTP] <-- POST /wd/hub/session/5e5c8b47-5952-4200-8856-ef75137f251e/element 404 1 ms - 131 
2017-03-02 11:35:09:035 - info: [HTTP] --> POST /wd/hub/session/5e5c8b47-5952-4200-8856-ef75137f251e/element {"using":"id","value":"fromAddress"}
2017-03-02 11:35:09:037 - info: [HTTP] <-- POST /wd/hub/session/5e5c8b47-5952-4200-8856-ef75137f251e/element 404 2 ms - 131 
2017-03-02 11:35:09:550 - info: [HTTP] --> POST /wd/hub/session/5e5c8b47-5952-4200-8856-ef75137f251e/element {"using":"id","value":"fromAddress"}
2017-03-02 11:35:09:553 - info: [HTTP] <-- POST /wd/hub/session/5e5c8b47-5952-4200-8856-ef75137f251e/element 404 2 ms - 131 
2017-03-02 11:35:10:064 - info: [HTTP] --> POST /wd/hub/session/5e5c8b47-5952-4200-8856-ef75137f251e/element {"using":"id","value":"fromAddress"}
2017-03-02 11:35:10:065 - info: [HTTP] <-- POST /wd/hub/session/5e5c8b47-5952-4200-8856-ef75137f251e/element 404 1 ms - 131 
2017-03-02 11:35:10:571 - info: [HTTP] --> POST /wd/hub/session/5e5c8b47-5952-4200-8856-ef75137f251e/element {"using":"id","value":"fromAddress"}
2017-03-02 11:35:10:575 - info: [HTTP] <-- POST /wd/hub/session/5e5c8b47-5952-4200-8856-ef75137f251e/element 404 3 ms - 131 
2017-03-02 11:35:11:084 - info: [HTTP] --> POST /wd/hub/session/5e5c8b47-5952-4200-8856-ef75137f251e/element {"using":"id","value":"fromAddress"}
2017-03-02 11:35:11:086 - info: [HTTP] <-- POST /wd/hub/session/5e5c8b47-5952-4200-8856-ef75137f251e/element 404 1 ms - 131 
2017-03-02 11:35:11:593 - info: [HTTP] --> POST /wd/hub/session/5e5c8b47-5952-4200-8856-ef75137f251e/element {"using":"id","value":"fromAddress"}
2017-03-02 11:35:11:595 - info: [HTTP] <-- POST /wd/hub/session/5e5c8b47-5952-4200-8856-ef75137f251e/element 404 1 ms - 131 
2017-03-02 11:35:12:101 - info: [HTTP] --> POST /wd/hub/session/5e5c8b47-5952-4200-8856-ef75137f251e/element {"using":"id","value":"fromAddress"}
2017-03-02 11:35:12:102 - info: [HTTP] <-- POST /wd/hub/session/5e5c8b47-5952-4200-8856-ef75137f251e/element 404 1 ms - 131 
2017-03-02 11:35:12:610 - info: [HTTP] --> POST /wd/hub/session/5e5c8b47-5952-4200-8856-ef75137f251e/element {"using":"id","value":"fromAddress"}
2017-03-02 11:35:12:611 - info: [HTTP] <-- POST /wd/hub/session/5e5c8b47-5952-4200-8856-ef75137f251e/element 404 1 ms - 131 
2017-03-02 11:35:13:118 - info: [HTTP] --> POST /wd/hub/session/5e5c8b47-5952-4200-8856-ef75137f251e/element {"using":"id","value":"fromAddress"}
2017-03-02 11:35:13:120 - info: [HTTP] <-- POST /wd/hub/session/5e5c8b47-5952-4200-8856-ef75137f251e/element 404 1 ms - 131 
2017-03-02 11:35:13:626 - info: [HTTP] --> POST /wd/hub/session/5e5c8b47-5952-4200-8856-ef75137f251e/element {"using":"id","value":"fromAddress"}
2017-03-02 11:35:13:628 - info: [HTTP] <-- POST /wd/hub/session/5e5c8b47-5952-4200-8856-ef75137f251e/element 404 1 ms - 131 
2017-03-02 11:35:14:136 - info: [HTTP] --> POST /wd/hub/session/5e5c8b47-5952-4200-8856-ef75137f251e/element {"using":"id","value":"fromAddress"}
2017-03-02 11:35:14:155 - info: [HTTP] <-- POST /wd/hub/session/5e5c8b47-5952-4200-8856-ef75137f251e/element 404 19 ms - 131 
2017-03-02 11:35:14:660 - info: [HTTP] --> POST /wd/hub/session/5e5c8b47-5952-4200-8856-ef75137f251e/element {"using":"id","value":"fromAddress"}
2017-03-02 11:35:14:662 - info: [HTTP] <-- POST /wd/hub/session/5e5c8b47-5952-4200-8856-ef75137f251e/element 404 1 ms - 131 
2017-03-02 11:35:15:169 - info: [HTTP] --> POST /wd/hub/session/5e5c8b47-5952-4200-8856-ef75137f251e/element {"using":"id","value":"fromAddress"}
2017-03-02 11:35:15:170 - info: [HTTP] <-- POST /wd/hub/session/5e5c8b47-5952-4200-8856-ef75137f251e/element 404 1 ms - 131 
2017-03-02 11:35:15:557 - info: [HTTP] --> GET /wb/hub/session {}
2017-03-02 11:35:15:560 - info: [debug] [HTTP] No route found. Setting content type to 'text/plain'
2017-03-02 11:35:15:561 - info: [HTTP] <-- GET /wb/hub/session 404 5 ms - 57 
2017-03-02 11:35:15:702 - info: [HTTP] --> POST /wd/hub/session/5e5c8b47-5952-4200-8856-ef75137f251e/element {"using":"id","value":"fromAddress"}
2017-03-02 11:35:15:705 - info: [HTTP] <-- POST /wd/hub/session/5e5c8b47-5952-4200-8856-ef75137f251e/element 404 1 ms - 131 
2017-03-02 11:35:16:213 - info: [HTTP] --> POST /wd/hub/session/5e5c8b47-5952-4200-8856-ef75137f251e/element {"using":"id","value":"fromAddress"}
2017-03-02 11:35:16:215 - info: [HTTP] <-- POST /wd/hub/session/5e5c8b47-5952-4200-8856-ef75137f251e/element 404 2 ms - 131 
2017-03-02 11:35:16:722 - info: [HTTP] --> POST /wd/hub/session/5e5c8b47-5952-4200-8856-ef75137f251e/element {"using":"id","value":"fromAddress"}
2017-03-02 11:35:16:724 - info: [HTTP] <-- POST /wd/hub/session/5e5c8b47-5952-4200-8856-ef75137f251e/element 404 1 ms - 131 
2017-03-02 11:35:17:233 - info: [HTTP] --> POST /wd/hub/session/5e5c8b47-5952-4200-8856-ef75137f251e/element {"using":"id","value":"fromAddress"}
2017-03-02 11:35:17:235 - info: [HTTP] <-- POST /wd/hub/session/5e5c8b47-5952-4200-8856-ef75137f251e/element 404 1 ms - 131 
2017-03-02 11:35:17:741 - info: [HTTP] --> POST /wd/hub/session/5e5c8b47-5952-4200-8856-ef75137f251e/element {"using":"id","value":"fromAddress"}
2017-03-02 11:35:17:743 - info: [HTTP] <-- POST /wd/hub/session/5e5c8b47-5952-4200-8856-ef75137f251e/element 404 1 ms - 131 
2017-03-02 11:35:18:250 - info: [HTTP] --> POST /wd/hub/session/5e5c8b47-5952-4200-8856-ef75137f251e/element {"using":"id","value":"fromAddress"}
2017-03-02 11:35:18:255 - info: [HTTP] <-- POST /wd/hub/session/5e5c8b47-5952-4200-8856-ef75137f251e/element 404 2 ms - 131 
2017-03-02 11:35:18:767 - info: [HTTP] --> POST /wd/hub/session/5e5c8b47-5952-4200-8856-ef75137f251e/element {"using":"id","value":"fromAddress"}
2017-03-02 11:35:18:771 - info: [HTTP] <-- POST /wd/hub/session/5e5c8b47-5952-4200-8856-ef75137f251e/element 404 1 ms - 131 
2017-03-02 11:35:19:286 - info: [HTTP] --> POST /wd/hub/session/5e5c8b47-5952-4200-8856-ef75137f251e/element {"using":"id","value":"fromAddress"}
2017-03-02 11:35:19:295 - info: [HTTP] <-- POST /wd/hub/session/5e5c8b47-5952-4200-8856-ef75137f251e/element 404 5 ms - 131 
2017-03-02 11:35:19:802 - info: [HTTP] --> POST /wd/hub/session/5e5c8b47-5952-4200-8856-ef75137f251e/element {"using":"id","value":"fromAddress"}
2017-03-02 11:35:19:811 - info: [HTTP] <-- POST /wd/hub/session/5e5c8b47-5952-4200-8856-ef75137f251e/element 404 8 ms - 131 
2017-03-02 11:35:20:149 - info: [HTTP] --> GET /wb/hub/sessions {}
2017-03-02 11:35:20:150 - info: [debug] [HTTP] No route found. Setting content type to 'text/plain'
2017-03-02 11:35:20:151 - info: [HTTP] <-- GET /wb/hub/sessions 404 1 ms - 58 
2017-03-02 11:35:20:321 - info: [HTTP] --> POST /wd/hub/session/5e5c8b47-5952-4200-8856-ef75137f251e/element {"using":"id","value":"fromAddress"}
2017-03-02 11:35:20:323 - info: [HTTP] <-- POST /wd/hub/session/5e5c8b47-5952-4200-8856-ef75137f251e/element 404 1 ms - 131 
2017-03-02 11:35:20:827 - info: [HTTP] --> POST /wd/hub/session/5e5c8b47-5952-4200-8856-ef75137f251e/element {"using":"id","value":"fromAddress"}
2017-03-02 11:35:20:828 - info: [HTTP] <-- POST /wd/hub/session/5e5c8b47-5952-4200-8856-ef75137f251e/element 404 1 ms - 131 
2017-03-02 11:35:21:335 - info: [HTTP] --> POST /wd/hub/session/5e5c8b47-5952-4200-8856-ef75137f251e/element {"using":"id","value":"fromAddress"}
2017-03-02 11:35:21:337 - info: [HTTP] <-- POST /wd/hub/session/5e5c8b47-5952-4200-8856-ef75137f251e/element 404 1 ms - 131 
2017-03-02 11:35:21:844 - info: [HTTP] --> POST /wd/hub/session/5e5c8b47-5952-4200-8856-ef75137f251e/element {"using":"id","value":"fromAddress"}
2017-03-02 11:35:21:848 - info: [HTTP] <-- POST /wd/hub/session/5e5c8b47-5952-4200-8856-ef75137f251e/element 404 4 ms - 131 
2017-03-02 11:35:22:353 - info: [HTTP] --> POST /wd/hub/session/5e5c8b47-5952-4200-8856-ef75137f251e/element {"using":"id","value":"fromAddress"}
2017-03-02 11:35:22:354 - info: [HTTP] <-- POST /wd/hub/session/5e5c8b47-5952-4200-8856-ef75137f251e/element 404 1 ms - 131 
2017-03-02 11:35:22:869 - info: [HTTP] --> POST /wd/hub/session/5e5c8b47-5952-4200-8856-ef75137f251e/element {"using":"id","value":"fromAddress"}
2017-03-02 11:35:22:873 - info: [HTTP] <-- POST /wd/hub/session/5e5c8b47-5952-4200-8856-ef75137f251e/element 404 4 ms - 131 
2017-03-02 11:35:23:381 - info: [HTTP] --> POST /wd/hub/session/5e5c8b47-5952-4200-8856-ef75137f251e/element {"using":"id","value":"fromAddress"}
2017-03-02 11:35:23:383 - info: [HTTP] <-- POST /wd/hub/session/5e5c8b47-5952-4200-8856-ef75137f251e/element 404 2 ms - 131 
2017-03-02 11:35:23:892 - info: [HTTP] --> POST /wd/hub/session/5e5c8b47-5952-4200-8856-ef75137f251e/element {"using":"id","value":"fromAddress"}
2017-03-02 11:35:23:893 - info: [HTTP] <-- POST /wd/hub/session/5e5c8b47-5952-4200-8856-ef75137f251e/element 404 1 ms - 131 
2017-03-02 11:35:24:401 - info: [HTTP] --> POST /wd/hub/session/5e5c8b47-5952-4200-8856-ef75137f251e/element {"using":"id","value":"fromAddress"}
2017-03-02 11:35:24:402 - info: [HTTP] <-- POST /wd/hub/session/5e5c8b47-5952-4200-8856-ef75137f251e/element 404 1 ms - 131 
2017-03-02 11:35:24:909 - info: [HTTP] --> POST /wd/hub/session/5e5c8b47-5952-4200-8856-ef75137f251e/element {"using":"id","value":"fromAddress"}
2017-03-02 11:35:24:910 - info: [HTTP] <-- POST /wd/hub/session/5e5c8b47-5952-4200-8856-ef75137f251e/element 404 1 ms - 131 
2017-03-02 11:35:25:419 - info: [HTTP] --> POST /wd/hub/session/5e5c8b47-5952-4200-8856-ef75137f251e/element {"using":"id","value":"fromAddress"}
2017-03-02 11:35:25:422 - info: [HTTP] <-- POST /wd/hub/session/5e5c8b47-5952-4200-8856-ef75137f251e/element 404 3 ms - 131 
2017-03-02 11:35:25:929 - info: [HTTP] --> POST /wd/hub/session/5e5c8b47-5952-4200-8856-ef75137f251e/element {"using":"id","value":"fromAddress"}
2017-03-02 11:35:25:930 - info: [HTTP] <-- POST /wd/hub/session/5e5c8b47-5952-4200-8856-ef75137f251e/element 404 1 ms - 131 
2017-03-02 11:35:26:435 - info: [HTTP] --> POST /wd/hub/session/5e5c8b47-5952-4200-8856-ef75137f251e/element {"using":"id","value":"fromAddress"}
2017-03-02 11:35:26:436 - info: [HTTP] <-- POST /wd/hub/session/5e5c8b47-5952-4200-8856-ef75137f251e/element 404 1 ms - 131 
2017-03-02 11:35:26:940 - info: [HTTP] --> POST /wd/hub/session/5e5c8b47-5952-4200-8856-ef75137f251e/element {"using":"id","value":"fromAddress"}
2017-03-02 11:35:26:942 - info: [HTTP] <-- POST /wd/hub/session/5e5c8b47-5952-4200-8856-ef75137f251e/element 404 1 ms - 131 
2017-03-02 11:35:27:451 - info: [HTTP] --> POST /wd/hub/session/5e5c8b47-5952-4200-8856-ef75137f251e/element {"using":"id","value":"fromAddress"}
2017-03-02 11:35:27:460 - info: [HTTP] <-- POST /wd/hub/session/5e5c8b47-5952-4200-8856-ef75137f251e/element 404 5 ms - 131 
2017-03-02 11:35:27:966 - info: [HTTP] --> POST /wd/hub/session/5e5c8b47-5952-4200-8856-ef75137f251e/element {"using":"id","value":"fromAddress"}
2017-03-02 11:35:27:969 - info: [HTTP] <-- POST /wd/hub/session/5e5c8b47-5952-4200-8856-ef75137f251e/element 404 2 ms - 131 
2017-03-02 11:35:28:482 - info: [HTTP] --> POST /wd/hub/session/5e5c8b47-5952-4200-8856-ef75137f251e/element {"using":"id","value":"fromAddress"}
2017-03-02 11:35:28:484 - info: [HTTP] <-- POST /wd/hub/session/5e5c8b47-5952-4200-8856-ef75137f251e/element 404 1 ms - 131 
2017-03-02 11:35:28:990 - info: [HTTP] --> POST /wd/hub/session/5e5c8b47-5952-4200-8856-ef75137f251e/element {"using":"id","value":"fromAddress"}
2017-03-02 11:35:28:992 - info: [HTTP] <-- POST /wd/hub/session/5e5c8b47-5952-4200-8856-ef75137f251e/element 404 1 ms - 131 
2017-03-02 11:35:29:501 - info: [HTTP] --> POST /wd/hub/session/5e5c8b47-5952-4200-8856-ef75137f251e/element {"using":"id","value":"fromAddress"}
2017-03-02 11:35:29:502 - info: [HTTP] <-- POST /wd/hub/session/5e5c8b47-5952-4200-8856-ef75137f251e/element 404 1 ms - 131 
2017-03-02 11:35:30:008 - info: [HTTP] --> POST /wd/hub/session/5e5c8b47-5952-4200-8856-ef75137f251e/element {"using":"id","value":"fromAddress"}
2017-03-02 11:35:30:014 - info: [HTTP] <-- POST /wd/hub/session/5e5c8b47-5952-4200-8856-ef75137f251e/element 404 4 ms - 131 
2017-03-02 11:35:30:523 - info: [HTTP] --> POST /wd/hub/session/5e5c8b47-5952-4200-8856-ef75137f251e/element {"using":"id","value":"fromAddress"}
2017-03-02 11:35:30:525 - info: [HTTP] <-- POST /wd/hub/session/5e5c8b47-5952-4200-8856-ef75137f251e/element 404 1 ms - 131 
2017-03-02 11:35:31:063 - info: [HTTP] --> POST /wd/hub/session/5e5c8b47-5952-4200-8856-ef75137f251e/element {"using":"id","value":"fromAddress"}
2017-03-02 11:35:31:064 - info: [HTTP] <-- POST /wd/hub/session/5e5c8b47-5952-4200-8856-ef75137f251e/element 404 1 ms - 131 
2017-03-02 11:35:31:579 - info: [HTTP] --> POST /wd/hub/session/5e5c8b47-5952-4200-8856-ef75137f251e/element {"using":"id","value":"fromAddress"}
2017-03-02 11:35:31:581 - info: [HTTP] <-- POST /wd/hub/session/5e5c8b47-5952-4200-8856-ef75137f251e/element 404 2 ms - 131 
2017-03-02 11:35:32:090 - info: [HTTP] --> POST /wd/hub/session/5e5c8b47-5952-4200-8856-ef75137f251e/element {"using":"id","value":"fromAddress"}
2017-03-02 11:35:32:093 - info: [HTTP] <-- POST /wd/hub/session/5e5c8b47-5952-4200-8856-ef75137f251e/element 404 3 ms - 131 
2017-03-02 11:35:32:600 - info: [HTTP] --> POST /wd/hub/session/5e5c8b47-5952-4200-8856-ef75137f251e/element {"using":"id","value":"fromAddress"}
2017-03-02 11:35:32:625 - info: [HTTP] <-- POST /wd/hub/session/5e5c8b47-5952-4200-8856-ef75137f251e/element 404 24 ms - 131 
2017-03-02 11:35:33:136 - info: [HTTP] --> POST /wd/hub/session/5e5c8b47-5952-4200-8856-ef75137f251e/element {"using":"id","value":"fromAddress"}
2017-03-02 11:35:33:138 - info: [HTTP] <-- POST /wd/hub/session/5e5c8b47-5952-4200-8856-ef75137f251e/element 404 1 ms - 131 
2017-03-02 11:35:33:642 - info: [HTTP] --> POST /wd/hub/session/5e5c8b47-5952-4200-8856-ef75137f251e/element {"using":"id","value":"fromAddress"}
2017-03-02 11:35:33:643 - info: [HTTP] <-- POST /wd/hub/session/5e5c8b47-5952-4200-8856-ef75137f251e/element 404 1 ms - 131 
2017-03-02 11:35:34:153 - info: [HTTP] --> POST /wd/hub/session/5e5c8b47-5952-4200-8856-ef75137f251e/element {"using":"id","value":"fromAddress"}
2017-03-02 11:35:34:154 - info: [HTTP] <-- POST /wd/hub/session/5e5c8b47-5952-4200-8856-ef75137f251e/element 404 1 ms - 131 
2017-03-02 11:35:34:270 - info: [HTTP] --> GET /wd/hub/sessions {}
2017-03-02 11:35:34:273 - info: [debug] [MJSONWP] Calling AppiumDriver.getSessions() with args: []
2017-03-02 11:35:34:277 - info: [debug] [MJSONWP] Responding to client with driver.getSessions() result: []
2017-03-02 11:35:34:278 - info: [HTTP] <-- GET /wd/hub/sessions 200 8 ms - 40 
2017-03-02 11:35:34:665 - info: [HTTP] --> POST /wd/hub/session/5e5c8b47-5952-4200-8856-ef75137f251e/element {"using":"id","value":"fromAddress"}
2017-03-02 11:35:34:669 - info: [HTTP] <-- POST /wd/hub/session/5e5c8b47-5952-4200-8856-ef75137f251e/element 404 4 ms - 131 
2017-03-02 11:35:35:178 - info: [HTTP] --> POST /wd/hub/session/5e5c8b47-5952-4200-8856-ef75137f251e/element {"using":"id","value":"fromAddress"}
2017-03-02 11:35:35:179 - info: [HTTP] <-- POST /wd/hub/session/5e5c8b47-5952-4200-8856-ef75137f251e/element 404 1 ms - 131 
2017-03-02 11:35:35:685 - info: [HTTP] --> POST /wd/hub/session/5e5c8b47-5952-4200-8856-ef75137f251e/element {"using":"id","value":"fromAddress"}
2017-03-02 11:35:35:687 - info: [HTTP] <-- POST /wd/hub/session/5e5c8b47-5952-4200-8856-ef75137f251e/element 404 1 ms - 131 
2017-03-02 11:35:36:195 - info: [HTTP] --> POST /wd/hub/session/5e5c8b47-5952-4200-8856-ef75137f251e/element {"using":"id","value":"fromAddress"}
2017-03-02 11:35:36:199 - info: [HTTP] <-- POST /wd/hub/session/5e5c8b47-5952-4200-8856-ef75137f251e/element 404 1 ms - 131 
2017-03-02 11:35:36:705 - info: [HTTP] --> POST /wd/hub/session/5e5c8b47-5952-4200-8856-ef75137f251e/element {"using":"id","value":"fromAddress"}
2017-03-02 11:35:36:712 - info: [HTTP] <-- POST /wd/hub/session/5e5c8b47-5952-4200-8856-ef75137f251e/element 404 6 ms - 131 
2017-03-02 11:35:37:220 - info: [HTTP] --> POST /wd/hub/session/5e5c8b47-5952-4200-8856-ef75137f251e/element {"using":"id","value":"fromAddress"}
2017-03-02 11:35:37:221 - info: [HTTP] <-- POST /wd/hub/session/5e5c8b47-5952-4200-8856-ef75137f251e/element 404 1 ms - 131 
2017-03-02 11:35:37:727 - info: [HTTP] --> POST /wd/hub/session/5e5c8b47-5952-4200-8856-ef75137f251e/element {"using":"id","value":"fromAddress"}
2017-03-02 11:35:37:731 - info: [HTTP] <-- POST /wd/hub/session/5e5c8b47-5952-4200-8856-ef75137f251e/element 404 4 ms - 131 
2017-03-02 11:35:38:243 - info: [HTTP] --> POST /wd/hub/session/5e5c8b47-5952-4200-8856-ef75137f251e/element {"using":"id","value":"fromAddress"}
2017-03-02 11:35:38:246 - info: [HTTP] <-- POST /wd/hub/session/5e5c8b47-5952-4200-8856-ef75137f251e/element 404 2 ms - 131 
2017-03-02 11:35:38:757 - info: [HTTP] --> POST /wd/hub/session/5e5c8b47-5952-4200-8856-ef75137f251e/element {"using":"id","value":"fromAddress"}
2017-03-02 11:35:38:758 - info: [HTTP] <-- POST /wd/hub/session/5e5c8b47-5952-4200-8856-ef75137f251e/element 404 2 ms - 131 
2017-03-02 11:35:39:267 - info: [HTTP] --> POST /wd/hub/session/5e5c8b47-5952-4200-8856-ef75137f251e/element {"using":"id","value":"fromAddress"}
2017-03-02 11:35:39:269 - info: [HTTP] <-- POST /wd/hub/session/5e5c8b47-5952-4200-8856-ef75137f251e/element 404 2 ms - 131 
2017-03-02 11:35:39:776 - info: [HTTP] --> POST /wd/hub/session/5e5c8b47-5952-4200-8856-ef75137f251e/element {"using":"id","value":"fromAddress"}
2017-03-02 11:35:39:777 - info: [HTTP] <-- POST /wd/hub/session/5e5c8b47-5952-4200-8856-ef75137f251e/element 404 1 ms - 131 
2017-03-02 11:35:40:284 - info: [HTTP] --> POST /wd/hub/session/5e5c8b47-5952-4200-8856-ef75137f251e/element {"using":"id","value":"fromAddress"}
2017-03-02 11:35:40:285 - info: [HTTP] <-- POST /wd/hub/session/5e5c8b47-5952-4200-8856-ef75137f251e/element 404 1 ms - 131 
2017-03-02 11:35:40:792 - info: [HTTP] --> POST /wd/hub/session/5e5c8b47-5952-4200-8856-ef75137f251e/element {"using":"id","value":"fromAddress"}
2017-03-02 11:35:40:794 - info: [HTTP] <-- POST /wd/hub/session/5e5c8b47-5952-4200-8856-ef75137f251e/element 404 1 ms - 131 
2017-03-02 11:35:41:300 - info: [HTTP] --> POST /wd/hub/session/5e5c8b47-5952-4200-8856-ef75137f251e/element {"using":"id","value":"fromAddress"}
2017-03-02 11:35:41:302 - info: [HTTP] <-- POST /wd/hub/session/5e5c8b47-5952-4200-8856-ef75137f251e/element 404 1 ms - 131 
2017-03-02 11:35:41:810 - info: [HTTP] --> POST /wd/hub/session/5e5c8b47-5952-4200-8856-ef75137f251e/element {"using":"id","value":"fromAddress"}
2017-03-02 11:35:41:814 - info: [HTTP] <-- POST /wd/hub/session/5e5c8b47-5952-4200-8856-ef75137f251e/element 404 2 ms - 131 
2017-03-02 11:35:42:319 - info: [HTTP] --> POST /wd/hub/session/5e5c8b47-5952-4200-8856-ef75137f251e/element {"using":"id","value":"fromAddress"}
2017-03-02 11:35:42:323 - info: [HTTP] <-- POST /wd/hub/session/5e5c8b47-5952-4200-8856-ef75137f251e/element 404 3 ms - 131 
2017-03-02 11:35:42:833 - info: [HTTP] --> POST /wd/hub/session/5e5c8b47-5952-4200-8856-ef75137f251e/element {"using":"id","value":"fromAddress"}
2017-03-02 11:35:42:835 - info: [HTTP] <-- POST /wd/hub/session/5e5c8b47-5952-4200-8856-ef75137f251e/element 404 1 ms - 131 
2017-03-02 11:35:43:344 - info: [HTTP] --> POST /wd/hub/session/5e5c8b47-5952-4200-8856-ef75137f251e/element {"using":"id","value":"fromAddress"}
2017-03-02 11:35:43:345 - info: [HTTP] <-- POST /wd/hub/session/5e5c8b47-5952-4200-8856-ef75137f251e/element 404 1 ms - 131 
2017-03-02 11:35:43:854 - info: [HTTP] --> POST /wd/hub/session/5e5c8b47-5952-4200-8856-ef75137f251e/element {"using":"id","value":"fromAddress"}
2017-03-02 11:35:43:856 - info: [HTTP] <-- POST /wd/hub/session/5e5c8b47-5952-4200-8856-ef75137f251e/element 404 1 ms - 131 
2017-03-02 11:35:44:364 - info: [HTTP] --> POST /wd/hub/session/5e5c8b47-5952-4200-8856-ef75137f251e/element {"using":"id","value":"fromAddress"}
2017-03-02 11:35:44:365 - info: [HTTP] <-- POST /wd/hub/session/5e5c8b47-5952-4200-8856-ef75137f251e/element 404 1 ms - 131 
2017-03-02 11:35:44:871 - info: [HTTP] --> POST /wd/hub/session/5e5c8b47-5952-4200-8856-ef75137f251e/element {"using":"id","value":"fromAddress"}
2017-03-02 11:35:44:873 - info: [HTTP] <-- POST /wd/hub/session/5e5c8b47-5952-4200-8856-ef75137f251e/element 404 1 ms - 131 
2017-03-02 11:35:45:379 - info: [HTTP] --> POST /wd/hub/session/5e5c8b47-5952-4200-8856-ef75137f251e/element {"using":"id","value":"fromAddress"}
2017-03-02 11:35:45:381 - info: [HTTP] <-- POST /wd/hub/session/5e5c8b47-5952-4200-8856-ef75137f251e/element 404 1 ms - 131 
2017-03-02 11:35:45:568 - info: [HTTP] --> GET /wd/hub/session {}
2017-03-02 11:35:45:573 - info: [debug] [HTTP] No route found. Setting content type to 'text/plain'
2017-03-02 11:35:45:575 - info: [HTTP] <-- GET /wd/hub/session 404 7 ms - 57 
2017-03-02 11:35:45:886 - info: [HTTP] --> POST /wd/hub/session/5e5c8b47-5952-4200-8856-ef75137f251e/element {"using":"id","value":"fromAddress"}
2017-03-02 11:35:45:888 - info: [HTTP] <-- POST /wd/hub/session/5e5c8b47-5952-4200-8856-ef75137f251e/element 404 1 ms - 131 
2017-03-02 11:35:45:894 - info: [HTTP] --> POST /wd/hub/session/5e5c8b47-5952-4200-8856-ef75137f251e/element {"using":"id","value":"fromAddress"}
2017-03-02 11:35:45:895 - info: [HTTP] <-- POST /wd/hub/session/5e5c8b47-5952-4200-8856-ef75137f251e/element 404 1 ms - 131 
2017-03-02 11:35:46:189 - info: [HTTP] --> GET /wd/hub/session/5e5c8b47-5952-4200-8856-ef75137f251e/screenshot {}
2017-03-02 11:35:46:199 - info: [HTTP] <-- GET /wd/hub/session/5e5c8b47-5952-4200-8856-ef75137f251e/screenshot 404 10 ms - 131 
2017-03-02 11:35:50:796 - info: [HTTP] --> GET /wd/hub/sessiond {}
2017-03-02 11:35:50:798 - info: [debug] [HTTP] No route found. Setting content type to 'text/plain'
2017-03-02 11:35:50:800 - info: [HTTP] <-- GET /wd/hub/sessiond 404 3 ms - 58 
2017-03-02 11:35:50:974 - info: [HTTP] --> GET /wd/hub/session/5e5c8b47-5952-4200-8856-ef75137f251e/screenshot {}
2017-03-02 11:35:50:976 - info: [HTTP] <-- GET /wd/hub/session/5e5c8b47-5952-4200-8856-ef75137f251e/screenshot 404 1 ms - 131 
2017-03-02 11:35:55:668 - info: [HTTP] --> GET /wd/hub/session/5e5c8b47-5952-4200-8856-ef75137f251e/screenshot {}
2017-03-02 11:35:55:671 - info: [HTTP] <-- GET /wd/hub/session/5e5c8b47-5952-4200-8856-ef75137f251e/screenshot 404 2 ms - 131 
2017-03-02 11:35:56:172 - info: [HTTP] --> GET /wd/hub/sessions {}
2017-03-02 11:35:56:173 - info: [debug] [MJSONWP] Calling AppiumDriver.getSessions() with args: []
2017-03-02 11:35:56:176 - info: [debug] [MJSONWP] Responding to client with driver.getSessions() result: []
2017-03-02 11:35:56:179 - info: [HTTP] <-- GET /wd/hub/sessions 304 6 ms - - 
2017-03-02 11:36:00:901 - info: [HTTP] --> GET /wd/hub/session/5e5c8b47-5952-4200-8856-ef75137f251e/screenshot {}
2017-03-02 11:36:00:910 - info: [HTTP] <-- GET /wd/hub/session/5e5c8b47-5952-4200-8856-ef75137f251e/screenshot 404 7 ms - 131 
2017-03-02 11:36:05:792 - info: [HTTP] --> GET /wd/hub/session/5e5c8b47-5952-4200-8856-ef75137f251e/screenshot {}
2017-03-02 11:36:05:795 - info: [HTTP] <-- GET /wd/hub/session/5e5c8b47-5952-4200-8856-ef75137f251e/screenshot 404 3 ms - 131 
2017-03-02 11:36:10:520 - info: [HTTP] --> GET /wd/hub/session/5e5c8b47-5952-4200-8856-ef75137f251e/screenshot {}
2017-03-02 11:36:10:545 - info: [HTTP] <-- GET /wd/hub/session/5e5c8b47-5952-4200-8856-ef75137f251e/screenshot 404 17 ms - 131 
2017-03-02 11:36:15:462 - info: [HTTP] --> GET /wd/hub/session/5e5c8b47-5952-4200-8856-ef75137f251e/screenshot {}
2017-03-02 11:36:15:464 - info: [HTTP] <-- GET /wd/hub/session/5e5c8b47-5952-4200-8856-ef75137f251e/screenshot 404 79 ms - 131 
2017-03-02 11:36:20:170 - info: [HTTP] --> GET /wd/hub/session/5e5c8b47-5952-4200-8856-ef75137f251e/screenshot {}
2017-03-02 11:36:20:172 - info: [HTTP] <-- GET /wd/hub/session/5e5c8b47-5952-4200-8856-ef75137f251e/screenshot 404 1 ms - 131 
2017-03-02 11:36:24:896 - info: [HTTP] --> GET /wd/hub/session/5e5c8b47-5952-4200-8856-ef75137f251e/screenshot {}
2017-03-02 11:36:24:915 - info: [HTTP] <-- GET /wd/hub/session/5e5c8b47-5952-4200-8856-ef75137f251e/screenshot 404 18 ms - 131 
2017-03-02 11:36:29:644 - info: [HTTP] --> GET /wd/hub/session/5e5c8b47-5952-4200-8856-ef75137f251e/screenshot {}
2017-03-02 11:36:29:645 - info: [HTTP] <-- GET /wd/hub/session/5e5c8b47-5952-4200-8856-ef75137f251e/screenshot 404 1 ms - 131 
2017-03-02 11:37:08:678 - warn: [BaseDriver] Shutting down because we waited 180 seconds for a command
